<?xml version="1.0" encoding="UTF-8"?>
<testsuites name="jest tests" tests="788" failures="2" errors="0" time="82.417">
  <testsuite name="Serverless Trace" errors="0" failures="0" skipped="0" timestamp="2022-04-08T17:38:59" time="5.41" tests="3">
    <testcase classname="Serverless Trace copies api page dependencies to api lambda artefact" name="Serverless Trace copies api page dependencies to api lambda artefact" time="0.074">
    </testcase>
    <testcase classname="Serverless Trace copies ssr page dependencies to lambda artefact" name="Serverless Trace copies ssr page dependencies to lambda artefact" time="0.033">
    </testcase>
    <testcase classname="Serverless Trace does not copy any .next/ files into lambda artefact" name="Serverless Trace does not copy any .next/ files into lambda artefact" time="0.029">
    </testcase>
  </testsuite>
  <testsuite name="next-aws-lambda" errors="0" failures="0" skipped="0" timestamp="2022-04-08T17:39:04" time="0.15" tests="3">
    <testcase classname="next-aws-lambda passes request and response to next page" name="next-aws-lambda passes request and response to next page" time="0.002">
    </testcase>
    <testcase classname="next-aws-lambda passes request and response to next api" name="next-aws-lambda passes request and response to next api" time="0">
    </testcase>
    <testcase classname="next-aws-lambda supports async signature" name="next-aws-lambda supports async signature" time="0">
    </testcase>
  </testsuite>
  <testsuite name="compatLayer.request" errors="0" failures="0" skipped="0" timestamp="2022-04-08T17:39:04" time="0.092" tests="20">
    <testcase classname="compatLayer.request request url path" name="compatLayer.request request url path" time="0.002">
    </testcase>
    <testcase classname="compatLayer.request request url path fallback" name="compatLayer.request request url path fallback" time="0">
    </testcase>
    <testcase classname="compatLayer.request request url path with stage removed" name="compatLayer.request request url path with stage removed" time="0.001">
    </testcase>
    <testcase classname="compatLayer.request request url path just stage name no trailing slash" name="compatLayer.request request url path just stage name no trailing slash" time="0">
    </testcase>
    <testcase classname="compatLayer.request querystring /?x=42" name="compatLayer.request querystring /?x=42" time="0.002">
    </testcase>
    <testcase classname="compatLayer.request querystring /?x=åäö" name="compatLayer.request querystring /?x=åäö" time="0.001">
    </testcase>
    <testcase classname="compatLayer.request querystring /?x=õ" name="compatLayer.request querystring /?x=õ" time="0.001">
    </testcase>
    <testcase classname="compatLayer.request querystring with multiple values for same name /?x=1&amp;x=2" name="compatLayer.request querystring with multiple values for same name /?x=1&amp;x=2" time="0">
    </testcase>
    <testcase classname="compatLayer.request complicated querystring" name="compatLayer.request complicated querystring" time="0.001">
    </testcase>
    <testcase classname="compatLayer.request event pathParameters { foo: &quot;bar&quot;, bar: &quot;baz&quot; }" name="compatLayer.request event pathParameters { foo: &quot;bar&quot;, bar: &quot;baz&quot; }" time="0">
    </testcase>
    <testcase classname="compatLayer.request event pathParameters and queryString" name="compatLayer.request event pathParameters and queryString" time="0.001">
    </testcase>
    <testcase classname="compatLayer.request request method" name="compatLayer.request request method" time="0">
    </testcase>
    <testcase classname="compatLayer.request request headers" name="compatLayer.request request headers" time="0.001">
    </testcase>
    <testcase classname="compatLayer.request request headers with same name" name="compatLayer.request request headers with same name" time="0.001">
    </testcase>
    <testcase classname="compatLayer.request text body" name="compatLayer.request text body" time="0.001">
    </testcase>
    <testcase classname="compatLayer.request text base64 body" name="compatLayer.request text base64 body" time="0">
    </testcase>
    <testcase classname="compatLayer.request text body with encoding" name="compatLayer.request text body with encoding" time="0.001">
    </testcase>
    <testcase classname="compatLayer.request connection" name="compatLayer.request connection" time="0">
    </testcase>
    <testcase classname="compatLayer.request request preserve http.IncomingMessage.prototype property" name="compatLayer.request request preserve http.IncomingMessage.prototype property" time="0.001">
    </testcase>
    <testcase classname="compatLayer.request request preserve http.IncomingMessage.prototype function" name="compatLayer.request request preserve http.IncomingMessage.prototype function" time="0.001">
    </testcase>
  </testsuite>
  <testsuite name="compatLayer.response" errors="0" failures="0" skipped="0" timestamp="2022-04-08T17:39:05" time="0.107" tests="25">
    <testcase classname="compatLayer.response statusCode writeHead 404" name="compatLayer.response statusCode writeHead 404" time="0.001">
    </testcase>
    <testcase classname="compatLayer.response [Promise] statusCode writeHead 404" name="compatLayer.response [Promise] statusCode writeHead 404" time="0">
    </testcase>
    <testcase classname="compatLayer.response statusCode statusCode=200" name="compatLayer.response statusCode statusCode=200" time="0">
    </testcase>
    <testcase classname="compatLayer.response [Promise] statusCode statusCode=200 by default" name="compatLayer.response [Promise] statusCode statusCode=200 by default" time="0.001">
    </testcase>
    <testcase classname="compatLayer.response [Promise] statusCode statusCode=200" name="compatLayer.response [Promise] statusCode statusCode=200" time="0">
    </testcase>
    <testcase classname="compatLayer.response writeHead headers" name="compatLayer.response writeHead headers" time="0.001">
    </testcase>
    <testcase classname="compatLayer.response [Promise] writeHead headers" name="compatLayer.response [Promise] writeHead headers" time="0">
    </testcase>
    <testcase classname="compatLayer.response setHeader" name="compatLayer.response setHeader" time="0">
    </testcase>
    <testcase classname="compatLayer.response [Promise] setHeader" name="compatLayer.response [Promise] setHeader" time="0.001">
    </testcase>
    <testcase classname="compatLayer.response multi header support for api gateway" name="compatLayer.response multi header support for api gateway" time="0">
    </testcase>
    <testcase classname="compatLayer.response [Promise] multi header support for api gateway" name="compatLayer.response [Promise] multi header support for api gateway" time="0.001">
    </testcase>
    <testcase classname="compatLayer.response setHeader + removeHeader" name="compatLayer.response setHeader + removeHeader" time="0">
    </testcase>
    <testcase classname="compatLayer.response [Promise] setHeader + removeHeader" name="compatLayer.response [Promise] setHeader + removeHeader" time="0.001">
    </testcase>
    <testcase classname="compatLayer.response getHeader/s" name="compatLayer.response getHeader/s" time="0">
    </testcase>
    <testcase classname="compatLayer.response hasHeader" name="compatLayer.response hasHeader" time="0.001">
    </testcase>
    <testcase classname="compatLayer.response case insensitive headers" name="compatLayer.response case insensitive headers" time="0.001">
    </testcase>
    <testcase classname="compatLayer.response res.write(&apos;ok&apos;)" name="compatLayer.response res.write(&apos;ok&apos;)" time="0.001">
    </testcase>
    <testcase classname="compatLayer.response [Promise] res.write(&apos;ok&apos;)" name="compatLayer.response [Promise] res.write(&apos;ok&apos;)" time="0">
    </testcase>
    <testcase classname="compatLayer.response res.end(&apos;ok&apos;)" name="compatLayer.response res.end(&apos;ok&apos;)" time="0.001">
    </testcase>
    <testcase classname="compatLayer.response [Promise] res.end(&apos;ok&apos;)" name="compatLayer.response [Promise] res.end(&apos;ok&apos;)" time="0">
    </testcase>
    <testcase classname="compatLayer.response req.pipe(res)" name="compatLayer.response req.pipe(res)" time="0.001">
    </testcase>
    <testcase classname="compatLayer.response [Promise] req.pipe(res)" name="compatLayer.response [Promise] req.pipe(res)" time="0">
    </testcase>
    <testcase classname="compatLayer.response base64 support" name="compatLayer.response base64 support" time="0">
    </testcase>
    <testcase classname="compatLayer.response [Promise] base64 support" name="compatLayer.response [Promise] base64 support" time="0.001">
    </testcase>
    <testcase classname="compatLayer.response response does not have a body if only statusCode is set" name="compatLayer.response response does not have a body if only statusCode is set" time="0">
    </testcase>
  </testsuite>
  <testsuite name="Request Tests" errors="0" failures="0" skipped="0" timestamp="2022-04-08T17:39:05" time="0.158" tests="11">
    <testcase classname="Request Tests request url path" name="Request Tests request url path" time="0.001">
    </testcase>
    <testcase classname="Request Tests querystring /?x=42" name="Request Tests querystring /?x=42" time="0">
    </testcase>
    <testcase classname="Request Tests request method" name="Request Tests request method" time="0.001">
    </testcase>
    <testcase classname="Request Tests request headers" name="Request Tests request headers" time="0.001">
    </testcase>
    <testcase classname="Request Tests duplicates of special request headers are discarded" name="Request Tests duplicates of special request headers are discarded" time="0.009">
    </testcase>
    <testcase classname="Request Tests text body" name="Request Tests text body" time="0.001">
    </testcase>
    <testcase classname="Request Tests text base64 body" name="Request Tests text base64 body" time="0.001">
    </testcase>
    <testcase classname="Request Tests text body with encoding" name="Request Tests text body with encoding" time="0">
    </testcase>
    <testcase classname="Request Tests connection" name="Request Tests connection" time="0">
    </testcase>
    <testcase classname="Request Tests request preserve http.IncomingMessage.prototype property" name="Request Tests request preserve http.IncomingMessage.prototype property" time="0">
    </testcase>
    <testcase classname="Request Tests request preserve http.IncomingMessage.prototype function" name="Request Tests request preserve http.IncomingMessage.prototype function" time="0">
    </testcase>
  </testsuite>
  <testsuite name="Response Tests" errors="0" failures="0" skipped="0" timestamp="2022-04-08T17:39:05" time="0.095" tests="21">
    <testcase classname="Response Tests statusCode writeHead 404" name="Response Tests statusCode writeHead 404" time="0.001">
    </testcase>
    <testcase classname="Response Tests statusCode statusCode=200" name="Response Tests statusCode statusCode=200" time="0">
    </testcase>
    <testcase classname="Response Tests statusCode statusCode=200 by default" name="Response Tests statusCode statusCode=200 by default" time="0.001">
    </testcase>
    <testcase classname="Response Tests writeHead headers" name="Response Tests writeHead headers" time="0.001">
    </testcase>
    <testcase classname="Response Tests writeHead ignores special CloudFront Headers" name="Response Tests writeHead ignores special CloudFront Headers" time="0">
    </testcase>
    <testcase classname="Response Tests writeHead preserves existing Headers" name="Response Tests writeHead preserves existing Headers" time="0.001">
    </testcase>
    <testcase classname="Response Tests writeHead does not overwrite special CloudFront Headers" name="Response Tests writeHead does not overwrite special CloudFront Headers" time="0">
    </testcase>
    <testcase classname="Response Tests writeHead can be chained" name="Response Tests writeHead can be chained" time="0">
    </testcase>
    <testcase classname="Response Tests setHeader (multiple headers with same name)" name="Response Tests setHeader (multiple headers with same name)" time="0">
    </testcase>
    <testcase classname="Response Tests setHeader" name="Response Tests setHeader" time="0.001">
    </testcase>
    <testcase classname="Response Tests setHeader ignores special CloudFront headers" name="Response Tests setHeader ignores special CloudFront headers" time="0">
    </testcase>
    <testcase classname="Response Tests setHeader + removeHeader" name="Response Tests setHeader + removeHeader" time="0">
    </testcase>
    <testcase classname="Response Tests getHeader/s" name="Response Tests getHeader/s" time="0.001">
    </testcase>
    <testcase classname="Response Tests hasHeader" name="Response Tests hasHeader" time="0">
    </testcase>
    <testcase classname="Response Tests case insensitive headers" name="Response Tests case insensitive headers" time="0">
    </testcase>
    <testcase classname="Response Tests res.write(&apos;ok&apos;)" name="Response Tests res.write(&apos;ok&apos;)" time="0.001">
    </testcase>
    <testcase classname="Response Tests res.end(&apos;ok&apos;)" name="Response Tests res.end(&apos;ok&apos;)" time="0">
    </testcase>
    <testcase classname="Response Tests res.end() ignores any calls after the first one" name="Response Tests res.end() ignores any calls after the first one" time="0.001">
    </testcase>
    <testcase classname="Response Tests does not gzip by default" name="Response Tests does not gzip by default" time="0.001">
    </testcase>
    <testcase classname="Response Tests gzips when compression is enabled" name="Response Tests gzips when compression is enabled" time="0.001">
    </testcase>
    <testcase classname="Response Tests response does not have a body if only statusCode is set" name="Response Tests response does not have a body if only statusCode is set" time="0.001">
    </testcase>
  </testsuite>
  <testsuite name="Cache invalidation tests" errors="0" failures="0" skipped="0" timestamp="2022-04-08T17:39:05" time="0.121" tests="3">
    <testcase classname="Cache invalidation tests passes credentials to CloudFront client" name="Cache invalidation tests passes credentials to CloudFront client" time="0.001">
    </testcase>
    <testcase classname="Cache invalidation tests invalidates CloudFront distribution" name="Cache invalidation tests invalidates CloudFront distribution" time="0.001">
    </testcase>
    <testcase classname="Cache invalidation tests invalidates specified paths" name="Cache invalidation tests invalidates specified paths" time="0">
    </testcase>
  </testsuite>
  <testsuite name="Check CloudFront distribution ready tests" errors="0" failures="0" skipped="0" timestamp="2022-04-08T17:39:05" time="1.062" tests="3">
    <testcase classname="Check CloudFront distribution ready tests passes credentials to CloudFront client" name="Check CloudFront distribution ready tests passes credentials to CloudFront client" time="0.001">
    </testcase>
    <testcase classname="Check CloudFront distribution ready tests successfully waits for CloudFront distribution" name="Check CloudFront distribution ready tests successfully waits for CloudFront distribution" time="0">
    </testcase>
    <testcase classname="Check CloudFront distribution ready tests times out waiting for CloudFront distribution" name="Check CloudFront distribution ready tests times out waiting for CloudFront distribution" time="1.001">
    </testcase>
  </testsuite>
  <testsuite name="Api handler" errors="0" failures="0" skipped="0" timestamp="2022-04-08T17:39:06" time="0.131" tests="23">
    <testcase classname="Api handler Api pages Routes api request /api to page pages/api/index.js" name="Api handler Api pages Routes api request /api to page pages/api/index.js" time="0.002">
    </testcase>
    <testcase classname="Api handler Api pages Routes api request /api/static to page pages/api/static.js" name="Api handler Api pages Routes api request /api/static to page pages/api/static.js" time="0.001">
    </testcase>
    <testcase classname="Api handler Api pages Routes api request /api/dynamic/1 to page pages/api/dynamic/[id].js" name="Api handler Api pages Routes api request /api/dynamic/1 to page pages/api/dynamic/[id].js" time="0.001">
    </testcase>
    <testcase classname="Api handler Api pages Routes api request /rewrite to page pages/api/static.js" name="Api handler Api pages Routes api request /rewrite to page pages/api/static.js" time="0.002">
    </testcase>
    <testcase classname="Api handler Api pages Routes api request /rewrite/2 to page pages/api/dynamic/[id].js" name="Api handler Api pages Routes api request /rewrite/2 to page pages/api/dynamic/[id].js" time="0.001">
    </testcase>
    <testcase classname="Api handler Api pages Routes api request /rewrite-query/3 to page pages/api/static.js" name="Api handler Api pages Routes api request /rewrite-query/3 to page pages/api/static.js" time="0.001">
    </testcase>
    <testcase classname="Api handler Api pages Routes api request /api to page pages/api/index.js with NodeNextRequest &amp; NodeNextResponse" name="Api handler Api pages Routes api request /api to page pages/api/index.js with NodeNextRequest &amp; NodeNextResponse" time="0.002">
    </testcase>
    <testcase classname="Api handler Api pages Routes api request /api/static to page pages/api/static.js with NodeNextRequest &amp; NodeNextResponse" name="Api handler Api pages Routes api request /api/static to page pages/api/static.js with NodeNextRequest &amp; NodeNextResponse" time="0">
    </testcase>
    <testcase classname="Api handler Api pages Routes api request /api/dynamic/1 to page pages/api/dynamic/[id].js with NodeNextRequest &amp; NodeNextResponse" name="Api handler Api pages Routes api request /api/dynamic/1 to page pages/api/dynamic/[id].js with NodeNextRequest &amp; NodeNextResponse" time="0">
    </testcase>
    <testcase classname="Api handler Api pages Routes api request /rewrite to page pages/api/static.js with NodeNextRequest &amp; NodeNextResponse" name="Api handler Api pages Routes api request /rewrite to page pages/api/static.js with NodeNextRequest &amp; NodeNextResponse" time="0.001">
    </testcase>
    <testcase classname="Api handler Api pages Routes api request /rewrite/2 to page pages/api/dynamic/[id].js with NodeNextRequest &amp; NodeNextResponse" name="Api handler Api pages Routes api request /rewrite/2 to page pages/api/dynamic/[id].js with NodeNextRequest &amp; NodeNextResponse" time="0.001">
    </testcase>
    <testcase classname="Api handler Api pages Routes api request /rewrite-query/3 to page pages/api/static.js with NodeNextRequest &amp; NodeNextResponse" name="Api handler Api pages Routes api request /rewrite-query/3 to page pages/api/static.js with NodeNextRequest &amp; NodeNextResponse" time="0">
    </testcase>
    <testcase classname="Api handler Api pages Returns 404 for /api/notfound" name="Api handler Api pages Returns 404 for /api/notfound" time="0.001">
    </testcase>
    <testcase classname="Api handler Api pages Returns 404 for /api/dynamic/not/found" name="Api handler Api pages Returns 404 for /api/dynamic/not/found" time="0.001">
    </testcase>
    <testcase classname="Api handler Api pages Returns 404 for /rewrite-not-found" name="Api handler Api pages Returns 404 for /rewrite-not-found" time="0">
    </testcase>
    <testcase classname="Api handler Headers Sets headers for /api/static" name="Api handler Headers Sets headers for /api/static" time="0.001">
    </testcase>
    <testcase classname="Api handler Redirects Redirects /api/redirect-simple to /api/static with code 307" name="Api handler Redirects Redirects /api/redirect-simple to /api/static with code 307" time="0.001">
    </testcase>
    <testcase classname="Api handler Redirects Redirects /redirect/test to /api/dynamic/test with code 308" name="Api handler Redirects Redirects /redirect/test to /api/dynamic/test with code 308" time="0.003">
    </testcase>
    <testcase classname="Api handler Redirects Redirects /api/redirect-query?key=val to /api/static?key=val&amp;foo=bar with code 307" name="Api handler Redirects Redirects /api/redirect-query?key=val to /api/static?key=val&amp;foo=bar with code 307" time="0.001">
    </testcase>
    <testcase classname="Api handler Redirects Redirects www.example.com/api to https://example.com/api with code 308" name="Api handler Redirects Redirects www.example.com/api to https://example.com/api with code 308" time="0.001">
    </testcase>
    <testcase classname="Api handler Redirects Redirects www.example.com/api/static to https://example.com/api/static with code 308" name="Api handler Redirects Redirects www.example.com/api/static to https://example.com/api/static with code 308" time="0">
    </testcase>
    <testcase classname="Api handler Redirects Redirects www.example.com/api?query to https://example.com/api?query with code 308" name="Api handler Redirects Redirects www.example.com/api?query to https://example.com/api?query with code 308" time="0.001">
    </testcase>
    <testcase classname="Api handler External rewrite Returns external rewrite from /rewrite-external to https://ext.example.com" name="Api handler External rewrite Returns external rewrite from /rewrite-external to https://ext.example.com" time="0.001">
    </testcase>
  </testsuite>
  <testsuite name="Basic authentication" errors="0" failures="0" skipped="0" timestamp="2022-04-08T17:39:06" time="0.086" tests="6">
    <testcase classname="Basic authentication Api handler Handles api request /api when authorized" name="Basic authentication Api handler Handles api request /api when authorized" time="0.001">
    </testcase>
    <testcase classname="Basic authentication Api handler Returns 401 when not authorized" name="Basic authentication Api handler Returns 401 when not authorized" time="0.001">
    </testcase>
    <testcase classname="Basic authentication Api handler Returns 401 when password is wrong" name="Basic authentication Api handler Returns 401 when password is wrong" time="0">
    </testcase>
    <testcase classname="Basic authentication Default handler Handles page request / when authorized" name="Basic authentication Default handler Handles page request / when authorized" time="0.004">
    </testcase>
    <testcase classname="Basic authentication Default handler Returns 401 when not authorized" name="Basic authentication Default handler Returns 401 when not authorized" time="0">
    </testcase>
    <testcase classname="Basic authentication Default handler Returns 401 when password is wrong" name="Basic authentication Default handler Returns 401 when password is wrong" time="0.001">
    </testcase>
  </testsuite>
  <testsuite name="Default handler (basepath + i18n)" errors="0" failures="0" skipped="0" timestamp="2022-04-08T17:39:06" time="0.139" tests="41">
    <testcase classname="Default handler (basepath + i18n) Non-dynamic Routes static page /base to file pages/en.html" name="Default handler (basepath + i18n) Non-dynamic Routes static page /base to file pages/en.html" time="0.001">
    </testcase>
    <testcase classname="Default handler (basepath + i18n) Non-dynamic Routes static page /base/ssg to file pages/en/ssg.html" name="Default handler (basepath + i18n) Non-dynamic Routes static page /base/ssg to file pages/en/ssg.html" time="0.001">
    </testcase>
    <testcase classname="Default handler (basepath + i18n) Non-dynamic Routes static page /base/not/found to file pages/en/404.html" name="Default handler (basepath + i18n) Non-dynamic Routes static page /base/not/found to file pages/en/404.html" time="0.001">
    </testcase>
    <testcase classname="Default handler (basepath + i18n) Non-dynamic Routes static page /not/found to file pages/en/404.html" name="Default handler (basepath + i18n) Non-dynamic Routes static page /not/found to file pages/en/404.html" time="0.001">
    </testcase>
    <testcase classname="Default handler (basepath + i18n) Non-dynamic Routes static page /base/en to file pages/en.html" name="Default handler (basepath + i18n) Non-dynamic Routes static page /base/en to file pages/en.html" time="0">
    </testcase>
    <testcase classname="Default handler (basepath + i18n) Non-dynamic Routes static page /base/en/ssg to file pages/en/ssg.html" name="Default handler (basepath + i18n) Non-dynamic Routes static page /base/en/ssg to file pages/en/ssg.html" time="0">
    </testcase>
    <testcase classname="Default handler (basepath + i18n) Non-dynamic Routes static page /base/en/not/found to file pages/en/404.html" name="Default handler (basepath + i18n) Non-dynamic Routes static page /base/en/not/found to file pages/en/404.html" time="0.001">
    </testcase>
    <testcase classname="Default handler (basepath + i18n) Non-dynamic Routes static page /base/fr to file pages/fr.html" name="Default handler (basepath + i18n) Non-dynamic Routes static page /base/fr to file pages/fr.html" time="0.001">
    </testcase>
    <testcase classname="Default handler (basepath + i18n) Non-dynamic Routes static page /base/fr/ssg to file pages/fr/ssg.html" name="Default handler (basepath + i18n) Non-dynamic Routes static page /base/fr/ssg to file pages/fr/ssg.html" time="0.001">
    </testcase>
    <testcase classname="Default handler (basepath + i18n) Non-dynamic Routes static page /base/fr/not/found to file pages/fr/404.html" name="Default handler (basepath + i18n) Non-dynamic Routes static page /base/fr/not/found to file pages/fr/404.html" time="0.001">
    </testcase>
    <testcase classname="Default handler (basepath + i18n) Non-dynamic Routes static data route /base/_next/data/test-build-id/ssg.json to file /_next/data/test-build-id/en/ssg.json" name="Default handler (basepath + i18n) Non-dynamic Routes static data route /base/_next/data/test-build-id/ssg.json to file /_next/data/test-build-id/en/ssg.json" time="0.001">
    </testcase>
    <testcase classname="Default handler (basepath + i18n) Non-dynamic Routes static data route /base/_next/data/test-build-id/en/ssg.json to file /_next/data/test-build-id/en/ssg.json" name="Default handler (basepath + i18n) Non-dynamic Routes static data route /base/_next/data/test-build-id/en/ssg.json to file /_next/data/test-build-id/en/ssg.json" time="0.001">
    </testcase>
    <testcase classname="Default handler (basepath + i18n) Non-dynamic Routes static data route /base/_next/data/test-build-id/fr/ssg.json to file /_next/data/test-build-id/fr/ssg.json" name="Default handler (basepath + i18n) Non-dynamic Routes static data route /base/_next/data/test-build-id/fr/ssg.json to file /_next/data/test-build-id/fr/ssg.json" time="0.001">
    </testcase>
    <testcase classname="Default handler (basepath + i18n) Non-dynamic Routes SSR request /base/ssr to pages/ssr.js" name="Default handler (basepath + i18n) Non-dynamic Routes SSR request /base/ssr to pages/ssr.js" time="0.016">
    </testcase>
    <testcase classname="Default handler (basepath + i18n) Non-dynamic Routes SSR request /base/en/ssr to pages/ssr.js" name="Default handler (basepath + i18n) Non-dynamic Routes SSR request /base/en/ssr to pages/ssr.js" time="0.001">
    </testcase>
    <testcase classname="Default handler (basepath + i18n) Non-dynamic Routes SSR request /base/fr/ssr to pages/ssr.js" name="Default handler (basepath + i18n) Non-dynamic Routes SSR request /base/fr/ssr to pages/ssr.js" time="0.001">
    </testcase>
    <testcase classname="Default handler (basepath + i18n) Non-dynamic Routes SSR request /base/_next/data/test-build-id/ssr.json to pages/ssr.js" name="Default handler (basepath + i18n) Non-dynamic Routes SSR request /base/_next/data/test-build-id/ssr.json to pages/ssr.js" time="0.001">
    </testcase>
    <testcase classname="Default handler (basepath + i18n) Dynamic Routes static page /base/foo to file pages/en/[root].html" name="Default handler (basepath + i18n) Dynamic Routes static page /base/foo to file pages/en/[root].html" time="0">
    </testcase>
    <testcase classname="Default handler (basepath + i18n) Dynamic Routes static page /base/html/bar to file pages/en/html/[page].html" name="Default handler (basepath + i18n) Dynamic Routes static page /base/html/bar to file pages/en/html/[page].html" time="0.001">
    </testcase>
    <testcase classname="Default handler (basepath + i18n) Dynamic Routes static page /base/fallback/new to file pages/en/fallback/new.html" name="Default handler (basepath + i18n) Dynamic Routes static page /base/fallback/new to file pages/en/fallback/new.html" time="0">
    </testcase>
    <testcase classname="Default handler (basepath + i18n) Dynamic Routes static page /base/en/foo to file pages/en/[root].html" name="Default handler (basepath + i18n) Dynamic Routes static page /base/en/foo to file pages/en/[root].html" time="0">
    </testcase>
    <testcase classname="Default handler (basepath + i18n) Dynamic Routes static page /base/en/html/bar to file pages/en/html/[page].html" name="Default handler (basepath + i18n) Dynamic Routes static page /base/en/html/bar to file pages/en/html/[page].html" time="0.001">
    </testcase>
    <testcase classname="Default handler (basepath + i18n) Dynamic Routes static page /base/en/fallback/new to file pages/en/fallback/new.html" name="Default handler (basepath + i18n) Dynamic Routes static page /base/en/fallback/new to file pages/en/fallback/new.html" time="0">
    </testcase>
    <testcase classname="Default handler (basepath + i18n) Dynamic Routes static page /base/fr/foo to file pages/fr/[root].html" name="Default handler (basepath + i18n) Dynamic Routes static page /base/fr/foo to file pages/fr/[root].html" time="0.001">
    </testcase>
    <testcase classname="Default handler (basepath + i18n) Dynamic Routes static page /base/fr/html/bar to file pages/fr/html/[page].html" name="Default handler (basepath + i18n) Dynamic Routes static page /base/fr/html/bar to file pages/fr/html/[page].html" time="0">
    </testcase>
    <testcase classname="Default handler (basepath + i18n) Dynamic Routes static page /base/fr/fallback/new to file pages/fr/fallback/new.html" name="Default handler (basepath + i18n) Dynamic Routes static page /base/fr/fallback/new to file pages/fr/fallback/new.html" time="0.001">
    </testcase>
    <testcase classname="Default handler (basepath + i18n) Dynamic Routes static data route /base/_next/data/test-build-id/fallback/new.json to file /_next/data/test-build-id/en/fallback/new.json" name="Default handler (basepath + i18n) Dynamic Routes static data route /base/_next/data/test-build-id/fallback/new.json to file /_next/data/test-build-id/en/fallback/new.json" time="0">
    </testcase>
    <testcase classname="Default handler (basepath + i18n) Dynamic Routes static data route /base/_next/data/test-build-id/en/fallback/new.json to file /_next/data/test-build-id/en/fallback/new.json" name="Default handler (basepath + i18n) Dynamic Routes static data route /base/_next/data/test-build-id/en/fallback/new.json to file /_next/data/test-build-id/en/fallback/new.json" time="0">
    </testcase>
    <testcase classname="Default handler (basepath + i18n) Dynamic Routes static data route /base/_next/data/test-build-id/fr/fallback/new.json to file /_next/data/test-build-id/fr/fallback/new.json" name="Default handler (basepath + i18n) Dynamic Routes static data route /base/_next/data/test-build-id/fr/fallback/new.json to file /_next/data/test-build-id/fr/fallback/new.json" time="0.004">
    </testcase>
    <testcase classname="Default handler (basepath + i18n) Dynamic Routes SSR request /base/ssr/1 to pages/ssr/[id].js" name="Default handler (basepath + i18n) Dynamic Routes SSR request /base/ssr/1 to pages/ssr/[id].js" time="0.002">
    </testcase>
    <testcase classname="Default handler (basepath + i18n) Dynamic Routes SSR request /base/en/ssr/1 to pages/ssr/[id].js" name="Default handler (basepath + i18n) Dynamic Routes SSR request /base/en/ssr/1 to pages/ssr/[id].js" time="0">
    </testcase>
    <testcase classname="Default handler (basepath + i18n) Dynamic Routes SSR request /base/fr/ssr/1 to pages/ssr/[id].js" name="Default handler (basepath + i18n) Dynamic Routes SSR request /base/fr/ssr/1 to pages/ssr/[id].js" time="0.001">
    </testcase>
    <testcase classname="Default handler (basepath + i18n) Dynamic Routes SSR request /base/_next/data/test-build-id/ssr/1.json to pages/ssr/[id].js" name="Default handler (basepath + i18n) Dynamic Routes SSR request /base/_next/data/test-build-id/ssr/1.json to pages/ssr/[id].js" time="0.001">
    </testcase>
    <testcase classname="Default handler (basepath + i18n) Redirect Redirects /base/ssg/ to /base/ssg with code 308" name="Default handler (basepath + i18n) Redirect Redirects /base/ssg/ to /base/ssg with code 308" time="0.001">
    </testcase>
    <testcase classname="Default handler (basepath + i18n) Redirect Redirects /base/favicon.ico/ to /base/favicon.ico with code 308" name="Default handler (basepath + i18n) Redirect Redirects /base/favicon.ico/ to /base/favicon.ico with code 308" time="0.001">
    </testcase>
    <testcase classname="Default handler (basepath + i18n) Redirect Redirects /base/redirect-simple to /base/en/redirect-target with code 307" name="Default handler (basepath + i18n) Redirect Redirects /base/redirect-simple to /base/en/redirect-target with code 307" time="0.001">
    </testcase>
    <testcase classname="Default handler (basepath + i18n) Redirect Redirects /base/redirect/test to /base/en/redirect-target/test with code 308" name="Default handler (basepath + i18n) Redirect Redirects /base/redirect/test to /base/en/redirect-target/test with code 308" time="0">
    </testcase>
    <testcase classname="Default handler (basepath + i18n) Redirect Redirects /base/en/redirect-simple to /base/en/redirect-target with code 307" name="Default handler (basepath + i18n) Redirect Redirects /base/en/redirect-simple to /base/en/redirect-target with code 307" time="0.001">
    </testcase>
    <testcase classname="Default handler (basepath + i18n) Redirect Redirects /base/en/redirect/test to /base/en/redirect-target/test with code 308" name="Default handler (basepath + i18n) Redirect Redirects /base/en/redirect/test to /base/en/redirect-target/test with code 308" time="0.001">
    </testcase>
    <testcase classname="Default handler (basepath + i18n) Redirect Redirects /base/fr/redirect-simple to /base/fr/redirect-target with code 307" name="Default handler (basepath + i18n) Redirect Redirects /base/fr/redirect-simple to /base/fr/redirect-target with code 307" time="0">
    </testcase>
    <testcase classname="Default handler (basepath + i18n) Redirect Redirects /base/fr/redirect/test to /base/fr/redirect-target/test with code 308" name="Default handler (basepath + i18n) Redirect Redirects /base/fr/redirect/test to /base/fr/redirect-target/test with code 308" time="0.001">
    </testcase>
  </testsuite>
  <testsuite name="Default handler (basepath)" errors="0" failures="0" skipped="0" timestamp="2022-04-08T17:39:07" time="0.1" tests="20">
    <testcase classname="Default handler (basepath) Public file Routes /base/favicon.ico to public file" name="Default handler (basepath) Public file Routes /base/favicon.ico to public file" time="0.001">
    </testcase>
    <testcase classname="Default handler (basepath) Public file Routes /base/name%20with%20spaces.txt to public file" name="Default handler (basepath) Public file Routes /base/name%20with%20spaces.txt to public file" time="0.001">
    </testcase>
    <testcase classname="Default handler (basepath) Non-dynamic Routes static page /base to file pages/index.html" name="Default handler (basepath) Non-dynamic Routes static page /base to file pages/index.html" time="0.001">
    </testcase>
    <testcase classname="Default handler (basepath) Non-dynamic Routes static page /base/html to file pages/html.html" name="Default handler (basepath) Non-dynamic Routes static page /base/html to file pages/html.html" time="0.001">
    </testcase>
    <testcase classname="Default handler (basepath) Non-dynamic Routes static page /base/not/found to file pages/404.html" name="Default handler (basepath) Non-dynamic Routes static page /base/not/found to file pages/404.html" time="0.001">
    </testcase>
    <testcase classname="Default handler (basepath) Non-dynamic Routes static page /html to file pages/404.html" name="Default handler (basepath) Non-dynamic Routes static page /html to file pages/404.html" time="0.001">
    </testcase>
    <testcase classname="Default handler (basepath) Non-dynamic Routes static data route /base/_next/data/test-build-id.json to file /_next/data/test-build-id/index.json" name="Default handler (basepath) Non-dynamic Routes static data route /base/_next/data/test-build-id.json to file /_next/data/test-build-id/index.json" time="0">
    </testcase>
    <testcase classname="Default handler (basepath) Non-dynamic Routes static data route /base/_next/data/test-build-id/index.json to file /_next/data/test-build-id/index.json" name="Default handler (basepath) Non-dynamic Routes static data route /base/_next/data/test-build-id/index.json to file /_next/data/test-build-id/index.json" time="0">
    </testcase>
    <testcase classname="Default handler (basepath) Non-dynamic Routes SSR request /base/ssr to page pages/ssr.js" name="Default handler (basepath) Non-dynamic Routes SSR request /base/ssr to page pages/ssr.js" time="0.002">
    </testcase>
    <testcase classname="Default handler (basepath) Non-dynamic Routes SSR request /base/_next/data/test-build-id/ssr.json to page pages/ssr.js" name="Default handler (basepath) Non-dynamic Routes SSR request /base/_next/data/test-build-id/ssr.json to page pages/ssr.js" time="0">
    </testcase>
    <testcase classname="Default handler (basepath) Dynamic Routes static page /base/foo to file pages/[root].html" name="Default handler (basepath) Dynamic Routes static page /base/foo to file pages/[root].html" time="0">
    </testcase>
    <testcase classname="Default handler (basepath) Dynamic Routes static page /base/html/bar to file pages/html/[page].html" name="Default handler (basepath) Dynamic Routes static page /base/html/bar to file pages/html/[page].html" time="0.001">
    </testcase>
    <testcase classname="Default handler (basepath) Dynamic Routes static page /base/fallback/new to file pages/fallback/new.html" name="Default handler (basepath) Dynamic Routes static page /base/fallback/new to file pages/fallback/new.html" time="0.001">
    </testcase>
    <testcase classname="Default handler (basepath) Dynamic Routes static data route /base/_next/data/test-build-id/fallback/new.json to file /_next/data/test-build-id/fallback/new.json" name="Default handler (basepath) Dynamic Routes static data route /base/_next/data/test-build-id/fallback/new.json to file /_next/data/test-build-id/fallback/new.json" time="0">
    </testcase>
    <testcase classname="Default handler (basepath) Dynamic Routes SSR request /base/ssr/1 to page pages/ssr/[id].js" name="Default handler (basepath) Dynamic Routes SSR request /base/ssr/1 to page pages/ssr/[id].js" time="0">
    </testcase>
    <testcase classname="Default handler (basepath) Dynamic Routes SSR request /base/_next/data/test-build-id/ssr/1.json to page pages/ssr/[id].js" name="Default handler (basepath) Dynamic Routes SSR request /base/_next/data/test-build-id/ssr/1.json to page pages/ssr/[id].js" time="0">
    </testcase>
    <testcase classname="Default handler (basepath) Redirect Redirects /base/ssg/ to /base/ssg with code 308" name="Default handler (basepath) Redirect Redirects /base/ssg/ to /base/ssg with code 308" time="0.001">
    </testcase>
    <testcase classname="Default handler (basepath) Redirect Redirects /base/favicon.ico/ to /base/favicon.ico with code 308" name="Default handler (basepath) Redirect Redirects /base/favicon.ico/ to /base/favicon.ico with code 308" time="0">
    </testcase>
    <testcase classname="Default handler (basepath) Redirect Redirects /base/redirect-simple to /base/redirect-target with code 307" name="Default handler (basepath) Redirect Redirects /base/redirect-simple to /base/redirect-target with code 307" time="0">
    </testcase>
    <testcase classname="Default handler (basepath) Redirect Redirects /base/redirect/test to /base/redirect-target/test with code 308" name="Default handler (basepath) Redirect Redirects /base/redirect/test to /base/redirect-target/test with code 308" time="0.001">
    </testcase>
  </testsuite>
  <testsuite name="Default handler (i18n)" errors="0" failures="0" skipped="0" timestamp="2022-04-08T17:39:07" time="0.16" tests="56">
    <testcase classname="Default handler (i18n) Non-dynamic Routes static page / to file pages/en.html" name="Default handler (i18n) Non-dynamic Routes static page / to file pages/en.html" time="0.001">
    </testcase>
    <testcase classname="Default handler (i18n) Non-dynamic Routes static page /ssg to file pages/en/ssg.html" name="Default handler (i18n) Non-dynamic Routes static page /ssg to file pages/en/ssg.html" time="0.001">
    </testcase>
    <testcase classname="Default handler (i18n) Non-dynamic Routes static page /not/found to file pages/en/404.html" name="Default handler (i18n) Non-dynamic Routes static page /not/found to file pages/en/404.html" time="0.001">
    </testcase>
    <testcase classname="Default handler (i18n) Non-dynamic Routes static page /en to file pages/en.html" name="Default handler (i18n) Non-dynamic Routes static page /en to file pages/en.html" time="0.001">
    </testcase>
    <testcase classname="Default handler (i18n) Non-dynamic Routes static page /en/ssg to file pages/en/ssg.html" name="Default handler (i18n) Non-dynamic Routes static page /en/ssg to file pages/en/ssg.html" time="0">
    </testcase>
    <testcase classname="Default handler (i18n) Non-dynamic Routes static page /en/not/found to file pages/en/404.html" name="Default handler (i18n) Non-dynamic Routes static page /en/not/found to file pages/en/404.html" time="0.001">
    </testcase>
    <testcase classname="Default handler (i18n) Non-dynamic Routes static page /fr to file pages/fr.html" name="Default handler (i18n) Non-dynamic Routes static page /fr to file pages/fr.html" time="0.001">
    </testcase>
    <testcase classname="Default handler (i18n) Non-dynamic Routes static page /fr/ssg to file pages/fr/ssg.html" name="Default handler (i18n) Non-dynamic Routes static page /fr/ssg to file pages/fr/ssg.html" time="0.001">
    </testcase>
    <testcase classname="Default handler (i18n) Non-dynamic Routes static page /fr/not/found to file pages/fr/404.html" name="Default handler (i18n) Non-dynamic Routes static page /fr/not/found to file pages/fr/404.html" time="0.001">
    </testcase>
    <testcase classname="Default handler (i18n) Non-dynamic Routes static data route /_next/data/test-build-id/ssg.json to file /_next/data/test-build-id/en/ssg.json" name="Default handler (i18n) Non-dynamic Routes static data route /_next/data/test-build-id/ssg.json to file /_next/data/test-build-id/en/ssg.json" time="0.001">
    </testcase>
    <testcase classname="Default handler (i18n) Non-dynamic Routes static data route /_next/data/test-build-id/en/ssg.json to file /_next/data/test-build-id/en/ssg.json" name="Default handler (i18n) Non-dynamic Routes static data route /_next/data/test-build-id/en/ssg.json to file /_next/data/test-build-id/en/ssg.json" time="0.001">
    </testcase>
    <testcase classname="Default handler (i18n) Non-dynamic Routes static data route /_next/data/test-build-id/fr/ssg.json to file /_next/data/test-build-id/fr/ssg.json" name="Default handler (i18n) Non-dynamic Routes static data route /_next/data/test-build-id/fr/ssg.json to file /_next/data/test-build-id/fr/ssg.json" time="0.004">
    </testcase>
    <testcase classname="Default handler (i18n) Non-dynamic Routes SSR request /ssr to pages/ssr.js" name="Default handler (i18n) Non-dynamic Routes SSR request /ssr to pages/ssr.js" time="0.001">
    </testcase>
    <testcase classname="Default handler (i18n) Non-dynamic Routes SSR request /en/ssr to pages/ssr.js" name="Default handler (i18n) Non-dynamic Routes SSR request /en/ssr to pages/ssr.js" time="0">
    </testcase>
    <testcase classname="Default handler (i18n) Non-dynamic Routes SSR request /fr/ssr to pages/ssr.js" name="Default handler (i18n) Non-dynamic Routes SSR request /fr/ssr to pages/ssr.js" time="0.001">
    </testcase>
    <testcase classname="Default handler (i18n) Non-dynamic Routes SSR request /_next/data/test-build-id/ssr.json to pages/ssr.js" name="Default handler (i18n) Non-dynamic Routes SSR request /_next/data/test-build-id/ssr.json to pages/ssr.js" time="0.001">
    </testcase>
    <testcase classname="Default handler (i18n) Dynamic Routes static page /foo to file pages/en/[root].html" name="Default handler (i18n) Dynamic Routes static page /foo to file pages/en/[root].html" time="0.001">
    </testcase>
    <testcase classname="Default handler (i18n) Dynamic Routes static page /html/bar to file pages/en/html/[page].html" name="Default handler (i18n) Dynamic Routes static page /html/bar to file pages/en/html/[page].html" time="0">
    </testcase>
    <testcase classname="Default handler (i18n) Dynamic Routes static page /fallback/new to file pages/en/fallback/new.html" name="Default handler (i18n) Dynamic Routes static page /fallback/new to file pages/en/fallback/new.html" time="0.001">
    </testcase>
    <testcase classname="Default handler (i18n) Dynamic Routes static page /en/foo to file pages/en/[root].html" name="Default handler (i18n) Dynamic Routes static page /en/foo to file pages/en/[root].html" time="0">
    </testcase>
    <testcase classname="Default handler (i18n) Dynamic Routes static page /en/html/bar to file pages/en/html/[page].html" name="Default handler (i18n) Dynamic Routes static page /en/html/bar to file pages/en/html/[page].html" time="0.001">
    </testcase>
    <testcase classname="Default handler (i18n) Dynamic Routes static page /en/fallback/new to file pages/en/fallback/new.html" name="Default handler (i18n) Dynamic Routes static page /en/fallback/new to file pages/en/fallback/new.html" time="0">
    </testcase>
    <testcase classname="Default handler (i18n) Dynamic Routes static page /fr/foo to file pages/fr/[root].html" name="Default handler (i18n) Dynamic Routes static page /fr/foo to file pages/fr/[root].html" time="0.001">
    </testcase>
    <testcase classname="Default handler (i18n) Dynamic Routes static page /fr/html/bar to file pages/fr/html/[page].html" name="Default handler (i18n) Dynamic Routes static page /fr/html/bar to file pages/fr/html/[page].html" time="0">
    </testcase>
    <testcase classname="Default handler (i18n) Dynamic Routes static page /fr/fallback/new to file pages/fr/fallback/new.html" name="Default handler (i18n) Dynamic Routes static page /fr/fallback/new to file pages/fr/fallback/new.html" time="0.001">
    </testcase>
    <testcase classname="Default handler (i18n) Dynamic Routes static data route /_next/data/test-build-id/fallback/new.json to file /_next/data/test-build-id/en/fallback/new.json" name="Default handler (i18n) Dynamic Routes static data route /_next/data/test-build-id/fallback/new.json to file /_next/data/test-build-id/en/fallback/new.json" time="0.001">
    </testcase>
    <testcase classname="Default handler (i18n) Dynamic Routes static data route /_next/data/test-build-id/en/fallback/new.json to file /_next/data/test-build-id/en/fallback/new.json" name="Default handler (i18n) Dynamic Routes static data route /_next/data/test-build-id/en/fallback/new.json to file /_next/data/test-build-id/en/fallback/new.json" time="0.001">
    </testcase>
    <testcase classname="Default handler (i18n) Dynamic Routes static data route /_next/data/test-build-id/fr/fallback/new.json to file /_next/data/test-build-id/fr/fallback/new.json" name="Default handler (i18n) Dynamic Routes static data route /_next/data/test-build-id/fr/fallback/new.json to file /_next/data/test-build-id/fr/fallback/new.json" time="0.001">
    </testcase>
    <testcase classname="Default handler (i18n) Dynamic Routes SSR request /ssr/1 to pages/ssr/[id].js" name="Default handler (i18n) Dynamic Routes SSR request /ssr/1 to pages/ssr/[id].js" time="0.001">
    </testcase>
    <testcase classname="Default handler (i18n) Dynamic Routes SSR request /en/ssr/1 to pages/ssr/[id].js" name="Default handler (i18n) Dynamic Routes SSR request /en/ssr/1 to pages/ssr/[id].js" time="0.001">
    </testcase>
    <testcase classname="Default handler (i18n) Dynamic Routes SSR request /fr/ssr/1 to pages/ssr/[id].js" name="Default handler (i18n) Dynamic Routes SSR request /fr/ssr/1 to pages/ssr/[id].js" time="0.001">
    </testcase>
    <testcase classname="Default handler (i18n) Dynamic Routes SSR request /_next/data/test-build-id/ssr/1.json to pages/ssr/[id].js" name="Default handler (i18n) Dynamic Routes SSR request /_next/data/test-build-id/ssr/1.json to pages/ssr/[id].js" time="0.001">
    </testcase>
    <testcase classname="Default handler (i18n) Redirect Redirects /ssg/ to /ssg with code 308" name="Default handler (i18n) Redirect Redirects /ssg/ to /ssg with code 308" time="0.001">
    </testcase>
    <testcase classname="Default handler (i18n) Redirect Redirects /favicon.ico/ to /favicon.ico with code 308" name="Default handler (i18n) Redirect Redirects /favicon.ico/ to /favicon.ico with code 308" time="0.001">
    </testcase>
    <testcase classname="Default handler (i18n) Redirect Redirects /redirect-simple to /en/redirect-target with code 307" name="Default handler (i18n) Redirect Redirects /redirect-simple to /en/redirect-target with code 307" time="0.001">
    </testcase>
    <testcase classname="Default handler (i18n) Redirect Redirects /redirect/test to /en/redirect-target/test with code 308" name="Default handler (i18n) Redirect Redirects /redirect/test to /en/redirect-target/test with code 308" time="0.001">
    </testcase>
    <testcase classname="Default handler (i18n) Redirect Redirects /en/redirect-simple to /en/redirect-target with code 307" name="Default handler (i18n) Redirect Redirects /en/redirect-simple to /en/redirect-target with code 307" time="0.001">
    </testcase>
    <testcase classname="Default handler (i18n) Redirect Redirects /en/redirect/test to /en/redirect-target/test with code 308" name="Default handler (i18n) Redirect Redirects /en/redirect/test to /en/redirect-target/test with code 308" time="0.001">
    </testcase>
    <testcase classname="Default handler (i18n) Redirect Redirects /fr/redirect-simple to /fr/redirect-target with code 307" name="Default handler (i18n) Redirect Redirects /fr/redirect-simple to /fr/redirect-target with code 307" time="0.001">
    </testcase>
    <testcase classname="Default handler (i18n) Redirect Redirects /fr/redirect/test to /fr/redirect-target/test with code 308" name="Default handler (i18n) Redirect Redirects /fr/redirect/test to /fr/redirect-target/test with code 308" time="0.001">
    </testcase>
    <testcase classname="Default handler (i18n) Redirect Redirects accept-lang en from / to null" name="Default handler (i18n) Redirect Redirects accept-lang en from / to null" time="0.023">
    </testcase>
    <testcase classname="Default handler (i18n) Redirect Redirects accept-lang fr from / to /fr" name="Default handler (i18n) Redirect Redirects accept-lang fr from / to /fr" time="0.001">
    </testcase>
    <testcase classname="Default handler (i18n) Redirect Redirects accept-lang en from /en to null" name="Default handler (i18n) Redirect Redirects accept-lang en from /en to null" time="0">
    </testcase>
    <testcase classname="Default handler (i18n) Redirect Redirects accept-lang fr from /en to null" name="Default handler (i18n) Redirect Redirects accept-lang fr from /en to null" time="0.001">
    </testcase>
    <testcase classname="Default handler (i18n) Redirect Redirects accept-lang en from /fr to null" name="Default handler (i18n) Redirect Redirects accept-lang en from /fr to null" time="0">
    </testcase>
    <testcase classname="Default handler (i18n) Redirect Redirects accept-lang fr from /fr to null" name="Default handler (i18n) Redirect Redirects accept-lang fr from /fr to null" time="0.001">
    </testcase>
    <testcase classname="Default handler (i18n) Redirect Redirects accept-lang en from /ssg to null" name="Default handler (i18n) Redirect Redirects accept-lang en from /ssg to null" time="0">
    </testcase>
    <testcase classname="Default handler (i18n) Redirect Redirects accept-lang fr from /ssg to null" name="Default handler (i18n) Redirect Redirects accept-lang fr from /ssg to null" time="0">
    </testcase>
    <testcase classname="Default handler (i18n) Redirect Redirects NEXT_LOCALE en from / to null" name="Default handler (i18n) Redirect Redirects NEXT_LOCALE en from / to null" time="0.002">
    </testcase>
    <testcase classname="Default handler (i18n) Redirect Redirects NEXT_LOCALE fr from / to /fr" name="Default handler (i18n) Redirect Redirects NEXT_LOCALE fr from / to /fr" time="0.001">
    </testcase>
    <testcase classname="Default handler (i18n) Redirect Redirects NEXT_LOCALE en from /en to null" name="Default handler (i18n) Redirect Redirects NEXT_LOCALE en from /en to null" time="0">
    </testcase>
    <testcase classname="Default handler (i18n) Redirect Redirects NEXT_LOCALE fr from /en to null" name="Default handler (i18n) Redirect Redirects NEXT_LOCALE fr from /en to null" time="0.001">
    </testcase>
    <testcase classname="Default handler (i18n) Redirect Redirects NEXT_LOCALE en from /fr to null" name="Default handler (i18n) Redirect Redirects NEXT_LOCALE en from /fr to null" time="0">
    </testcase>
    <testcase classname="Default handler (i18n) Redirect Redirects NEXT_LOCALE fr from /fr to null" name="Default handler (i18n) Redirect Redirects NEXT_LOCALE fr from /fr to null" time="0.001">
    </testcase>
    <testcase classname="Default handler (i18n) Redirect Redirects NEXT_LOCALE en from /ssg to null" name="Default handler (i18n) Redirect Redirects NEXT_LOCALE en from /ssg to null" time="0">
    </testcase>
    <testcase classname="Default handler (i18n) Redirect Redirects NEXT_LOCALE fr from /ssg to null" name="Default handler (i18n) Redirect Redirects NEXT_LOCALE fr from /ssg to null" time="0">
    </testcase>
  </testsuite>
  <testsuite name="Default handler (trailing slash)" errors="0" failures="0" skipped="0" timestamp="2022-04-08T17:39:07" time="0.101" tests="19">
    <testcase classname="Default handler (trailing slash) Public file Routes /favicon.ico to public file" name="Default handler (trailing slash) Public file Routes /favicon.ico to public file" time="0.001">
    </testcase>
    <testcase classname="Default handler (trailing slash) Non-dynamic Routes static page / to file pages/index.html" name="Default handler (trailing slash) Non-dynamic Routes static page / to file pages/index.html" time="0.001">
    </testcase>
    <testcase classname="Default handler (trailing slash) Non-dynamic Routes static page /ssg/ to file pages/ssg.html" name="Default handler (trailing slash) Non-dynamic Routes static page /ssg/ to file pages/ssg.html" time="0.001">
    </testcase>
    <testcase classname="Default handler (trailing slash) Non-dynamic Routes static page /not/found/ to file pages/404.html" name="Default handler (trailing slash) Non-dynamic Routes static page /not/found/ to file pages/404.html" time="0.001">
    </testcase>
    <testcase classname="Default handler (trailing slash) Non-dynamic Routes static page /rewrite-ssg/ to file pages/ssg.html" name="Default handler (trailing slash) Non-dynamic Routes static page /rewrite-ssg/ to file pages/ssg.html" time="0.001">
    </testcase>
    <testcase classname="Default handler (trailing slash) Non-dynamic Routes static data route /_next/data/test-build-id/ssg.json to file /_next/data/test-build-id/ssg.json" name="Default handler (trailing slash) Non-dynamic Routes static data route /_next/data/test-build-id/ssg.json to file /_next/data/test-build-id/ssg.json" time="0.001">
    </testcase>
    <testcase classname="Default handler (trailing slash) Non-dynamic Routes SSR request /ssr/ to page pages/ssr.js" name="Default handler (trailing slash) Non-dynamic Routes SSR request /ssr/ to page pages/ssr.js" time="0.001">
    </testcase>
    <testcase classname="Default handler (trailing slash) Non-dynamic Routes SSR request /_next/data/test-build-id/ssr.json to page pages/ssr.js" name="Default handler (trailing slash) Non-dynamic Routes SSR request /_next/data/test-build-id/ssr.json to page pages/ssr.js" time="0.004">
    </testcase>
    <testcase classname="Default handler (trailing slash) Non-dynamic Routes SSR request /rewrite-ssr/ to page pages/ssr.js" name="Default handler (trailing slash) Non-dynamic Routes SSR request /rewrite-ssr/ to page pages/ssr.js" time="0.002">
    </testcase>
    <testcase classname="Default handler (trailing slash) Non-dynamic Routes SSR request /rewrite-query/test/ to page pages/ssr.js" name="Default handler (trailing slash) Non-dynamic Routes SSR request /rewrite-query/test/ to page pages/ssr.js" time="0.001">
    </testcase>
    <testcase classname="Default handler (trailing slash) Redirects Redirects /ssg to /ssg/ with code 308" name="Default handler (trailing slash) Redirects Redirects /ssg to /ssg/ with code 308" time="0.001">
    </testcase>
    <testcase classname="Default handler (trailing slash) Redirects Redirects /favicon.ico/ to /favicon.ico with code 308" name="Default handler (trailing slash) Redirects Redirects /favicon.ico/ to /favicon.ico with code 308" time="0.001">
    </testcase>
    <testcase classname="Default handler (trailing slash) Redirects Redirects /redirect-simple/ to /redirect-target with code 307" name="Default handler (trailing slash) Redirects Redirects /redirect-simple/ to /redirect-target with code 307" time="0">
    </testcase>
    <testcase classname="Default handler (trailing slash) Redirects Redirects /redirect/test/ to /redirect-target/test with code 308" name="Default handler (trailing slash) Redirects Redirects /redirect/test/ to /redirect-target/test with code 308" time="0.001">
    </testcase>
    <testcase classname="Default handler (trailing slash) Redirects Redirects /redirect-query/?key=val to /redirect-target?key=val&amp;foo=bar with code 307" name="Default handler (trailing slash) Redirects Redirects /redirect-query/?key=val to /redirect-target?key=val&amp;foo=bar with code 307" time="0.001">
    </testcase>
    <testcase classname="Default handler (trailing slash) Redirects Redirects www.example.com/ to https://example.com/ with code 308" name="Default handler (trailing slash) Redirects Redirects www.example.com/ to https://example.com/ with code 308" time="0">
    </testcase>
    <testcase classname="Default handler (trailing slash) Redirects Redirects www.example.com/path/ to https://example.com/path/ with code 308" name="Default handler (trailing slash) Redirects Redirects www.example.com/path/ to https://example.com/path/ with code 308" time="0.001">
    </testcase>
    <testcase classname="Default handler (trailing slash) Redirects Redirects www.example.com/path/?query to https://example.com/path/?query with code 308" name="Default handler (trailing slash) Redirects Redirects www.example.com/path/?query to https://example.com/path/?query with code 308" time="0">
    </testcase>
    <testcase classname="Default handler (trailing slash) External rewrite Returns external rewrite from /rewrite-external/ to https://ext.example.com" name="Default handler (trailing slash) External rewrite Returns external rewrite from /rewrite-external/ to https://ext.example.com" time="0.001">
    </testcase>
  </testsuite>
  <testsuite name="Default handler" errors="0" failures="0" skipped="0" timestamp="2022-04-08T17:39:07" time="0.165" tests="36">
    <testcase classname="Default handler Public file Routes /favicon.ico to public file" name="Default handler Public file Routes /favicon.ico to public file" time="0.001">
    </testcase>
    <testcase classname="Default handler Public file Routes /name%20with%20spaces.txt to public file" name="Default handler Public file Routes /name%20with%20spaces.txt to public file" time="0.001">
    </testcase>
    <testcase classname="Default handler Non-dynamic Routes static page / to file pages/index.html" name="Default handler Non-dynamic Routes static page / to file pages/index.html" time="0.001">
    </testcase>
    <testcase classname="Default handler Non-dynamic Routes static page /ssg to file pages/ssg.html" name="Default handler Non-dynamic Routes static page /ssg to file pages/ssg.html" time="0">
    </testcase>
    <testcase classname="Default handler Non-dynamic Routes static page /not/found to file pages/404.html" name="Default handler Non-dynamic Routes static page /not/found to file pages/404.html" time="0">
    </testcase>
    <testcase classname="Default handler Non-dynamic Routes static page /rewrite-ssg to file pages/ssg.html" name="Default handler Non-dynamic Routes static page /rewrite-ssg to file pages/ssg.html" time="0.005">
    </testcase>
    <testcase classname="Default handler Non-dynamic Routes static data route /_next/data/test-build-id/ssg.json to file /_next/data/test-build-id/ssg.json" name="Default handler Non-dynamic Routes static data route /_next/data/test-build-id/ssg.json to file /_next/data/test-build-id/ssg.json" time="0.001">
    </testcase>
    <testcase classname="Default handler Non-dynamic Routes SSG request /ssg to page pages/ssg.js in preview mode" name="Default handler Non-dynamic Routes SSG request /ssg to page pages/ssg.js in preview mode" time="0.002">
    </testcase>
    <testcase classname="Default handler Non-dynamic Routes SSG request /_next/data/test-build-id/ssg.json to page pages/ssg.js in preview mode" name="Default handler Non-dynamic Routes SSG request /_next/data/test-build-id/ssg.json to page pages/ssg.js in preview mode" time="0.001">
    </testcase>
    <testcase classname="Default handler Non-dynamic Routes SSR request /ssr to page pages/ssr.js" name="Default handler Non-dynamic Routes SSR request /ssr to page pages/ssr.js" time="0.001">
    </testcase>
    <testcase classname="Default handler Non-dynamic Routes SSR request /_next/data/test-build-id/ssr.json to page pages/ssr.js" name="Default handler Non-dynamic Routes SSR request /_next/data/test-build-id/ssr.json to page pages/ssr.js" time="0.001">
    </testcase>
    <testcase classname="Default handler Non-dynamic Routes SSR request /rewrite-ssr to page pages/ssr.js" name="Default handler Non-dynamic Routes SSR request /rewrite-ssr to page pages/ssr.js" time="0.001">
    </testcase>
    <testcase classname="Default handler Non-dynamic Routes SSR request /rewrite-query/test?key=value to page pages/ssr.js" name="Default handler Non-dynamic Routes SSR request /rewrite-query/test?key=value to page pages/ssr.js" time="0.001">
    </testcase>
    <testcase classname="Default handler Dynamic Routes static page /foo to file pages/[root].html" name="Default handler Dynamic Routes static page /foo to file pages/[root].html" time="0">
    </testcase>
    <testcase classname="Default handler Dynamic Routes static page /html/bar to file pages/html/[page].html" name="Default handler Dynamic Routes static page /html/bar to file pages/html/[page].html" time="0">
    </testcase>
    <testcase classname="Default handler Dynamic Routes static page /fallback/new to file pages/fallback/new.html" name="Default handler Dynamic Routes static page /fallback/new to file pages/fallback/new.html" time="0.001">
    </testcase>
    <testcase classname="Default handler Dynamic Routes static page /fallback/404 to file pages/404.html" name="Default handler Dynamic Routes static page /fallback/404 to file pages/404.html" time="0">
    </testcase>
    <testcase classname="Default handler Dynamic Routes static page /rewrite-path to file pages/[root].html" name="Default handler Dynamic Routes static page /rewrite-path to file pages/[root].html" time="0.001">
    </testcase>
    <testcase classname="Default handler Dynamic Routes static data route /_next/data/test-build-id/fallback/new.json to file /_next/data/test-build-id/fallback/new.json" name="Default handler Dynamic Routes static data route /_next/data/test-build-id/fallback/new.json to file /_next/data/test-build-id/fallback/new.json" time="0.001">
    </testcase>
    <testcase classname="Default handler Dynamic Routes static data route /_next/data/test-build-id/fallback/404.json to file pages/404.html" name="Default handler Dynamic Routes static data route /_next/data/test-build-id/fallback/404.json to file pages/404.html" time="0">
    </testcase>
    <testcase classname="Default handler Dynamic Routes static data route /_next/data/test-build-id/not-found.json to file pages/404.html" name="Default handler Dynamic Routes static data route /_next/data/test-build-id/not-found.json to file pages/404.html" time="0.001">
    </testcase>
    <testcase classname="Default handler Dynamic Routes static data route /_next/data/not-build-id/fallback/new.json to file pages/404.html" name="Default handler Dynamic Routes static data route /_next/data/not-build-id/fallback/new.json to file pages/404.html" time="0">
    </testcase>
    <testcase classname="Default handler Dynamic Routes SSR request /ssr/1 to page pages/ssr/[id].js" name="Default handler Dynamic Routes SSR request /ssr/1 to page pages/ssr/[id].js" time="0.001">
    </testcase>
    <testcase classname="Default handler Dynamic Routes SSR request /_next/data/test-build-id/ssr/1.json to page pages/ssr/[id].js" name="Default handler Dynamic Routes SSR request /_next/data/test-build-id/ssr/1.json to page pages/ssr/[id].js" time="0.001">
    </testcase>
    <testcase classname="Default handler Headers Sets headers for /ssr" name="Default handler Headers Sets headers for /ssr" time="0.001">
    </testcase>
    <testcase classname="Default handler Redirects Redirects /ssg/ to /ssg with code 308" name="Default handler Redirects Redirects /ssg/ to /ssg with code 308" time="0.001">
    </testcase>
    <testcase classname="Default handler Redirects Redirects /favicon.ico/ to /favicon.ico with code 308" name="Default handler Redirects Redirects /favicon.ico/ to /favicon.ico with code 308" time="0">
    </testcase>
    <testcase classname="Default handler Redirects Redirects /redirect-simple to /redirect-target with code 307" name="Default handler Redirects Redirects /redirect-simple to /redirect-target with code 307" time="0.001">
    </testcase>
    <testcase classname="Default handler Redirects Redirects /redirect/test to /redirect-target/test with code 308" name="Default handler Redirects Redirects /redirect/test to /redirect-target/test with code 308" time="0">
    </testcase>
    <testcase classname="Default handler Redirects Redirects /redirect-query?key=val to /redirect-target?key=val&amp;foo=bar with code 307" name="Default handler Redirects Redirects /redirect-query?key=val to /redirect-target?key=val&amp;foo=bar with code 307" time="0">
    </testcase>
    <testcase classname="Default handler Redirects Redirects www.example.com/ to https://example.com/ with code 308" name="Default handler Redirects Redirects www.example.com/ to https://example.com/ with code 308" time="0.001">
    </testcase>
    <testcase classname="Default handler Redirects Redirects www.example.com/path to https://example.com/path with code 308" name="Default handler Redirects Redirects www.example.com/path to https://example.com/path with code 308" time="0">
    </testcase>
    <testcase classname="Default handler Redirects Redirects www.example.com/path?query to https://example.com/path?query with code 308" name="Default handler Redirects Redirects www.example.com/path?query to https://example.com/path?query with code 308" time="0.001">
    </testcase>
    <testcase classname="Default handler External rewrite Returns external rewrite from /rewrite-external to https://ext.example.com" name="Default handler External rewrite Returns external rewrite from /rewrite-external to https://ext.example.com" time="0.001">
    </testcase>
    <testcase classname="Default handler API Routes api request /api/preview to page $page with NodeNextRequest &amp; NodeNextResponse" name="Default handler API Routes api request /api/preview to page $page with NodeNextRequest &amp; NodeNextResponse" time="0">
    </testcase>
    <testcase classname="Default handler API Routes api request /api/preview to page $page" name="Default handler API Routes api request /api/preview to page $page" time="0">
    </testcase>
  </testsuite>
  <testsuite name="Fallback handler" errors="0" failures="0" skipped="0" timestamp="2022-04-08T17:39:07" time="0.113" tests="20">
    <testcase classname="Fallback handler Non-dynamic Routes static route / to file pages/404.html" name="Fallback handler Non-dynamic Routes static route / to file pages/404.html" time="0.002">
    </testcase>
    <testcase classname="Fallback handler Non-dynamic Routes static route /ssg to file pages/404.html" name="Fallback handler Non-dynamic Routes static route /ssg to file pages/404.html" time="0">
    </testcase>
    <testcase classname="Fallback handler Non-dynamic Routes static route /not/found to file pages/404.html" name="Fallback handler Non-dynamic Routes static route /not/found to file pages/404.html" time="0">
    </testcase>
    <testcase classname="Fallback handler Non-dynamic Routes static route /rewrite-ssg to file pages/404.html" name="Fallback handler Non-dynamic Routes static route /rewrite-ssg to file pages/404.html" time="0">
    </testcase>
    <testcase classname="Fallback handler Non-dynamic Routes static route /redirect-simple to file pages/404.html" name="Fallback handler Non-dynamic Routes static route /redirect-simple to file pages/404.html" time="0.001">
    </testcase>
    <testcase classname="Fallback handler Non-dynamic Routes static data route /_next/data/test-build-id/ssg.json to file pages/404.html" name="Fallback handler Non-dynamic Routes static data route /_next/data/test-build-id/ssg.json to file pages/404.html" time="0.001">
    </testcase>
    <testcase classname="Fallback handler Non-dynamic Routes SSR route /ssr to page pages/ssr.js" name="Fallback handler Non-dynamic Routes SSR route /ssr to page pages/ssr.js" time="0.001">
    </testcase>
    <testcase classname="Fallback handler Dynamic Routes static page /foo to file pages/404.html" name="Fallback handler Dynamic Routes static page /foo to file pages/404.html" time="0.001">
    </testcase>
    <testcase classname="Fallback handler Dynamic Routes static page /html/bar to file pages/404.html" name="Fallback handler Dynamic Routes static page /html/bar to file pages/404.html" time="0.001">
    </testcase>
    <testcase classname="Fallback handler Dynamic Routes static page /rewrite-external to file pages/404.html" name="Fallback handler Dynamic Routes static page /rewrite-external to file pages/404.html" time="0.001">
    </testcase>
    <testcase classname="Fallback handler Dynamic Routes static page /fallback/new to file pages/fallback/[slug].html" name="Fallback handler Dynamic Routes static page /fallback/new to file pages/fallback/[slug].html" time="0.004">
    </testcase>
    <testcase classname="Fallback handler Dynamic Routes static page /rewrite-path/new to file pages/fallback/[slug].html" name="Fallback handler Dynamic Routes static page /rewrite-path/new to file pages/fallback/[slug].html" time="0.001">
    </testcase>
    <testcase classname="Fallback handler Dynamic Routes static data route /_next/data/test-build-id/not-found.json to file pages/404.html" name="Fallback handler Dynamic Routes static data route /_next/data/test-build-id/not-found.json to file pages/404.html" time="0">
    </testcase>
    <testcase classname="Fallback handler Dynamic Routes static data route /_next/data/test-build-id/no-fallback/new.json to file pages/404.html" name="Fallback handler Dynamic Routes static data route /_next/data/test-build-id/no-fallback/new.json to file pages/404.html" time="0.001">
    </testcase>
    <testcase classname="Fallback handler Dynamic Routes static data route /_next/data/not-build-id/fallback/new.json to file pages/404.html" name="Fallback handler Dynamic Routes static data route /_next/data/not-build-id/fallback/new.json to file pages/404.html" time="0">
    </testcase>
    <testcase classname="Fallback handler Dynamic Routes fallback blocking route /fallback-blocking/new to page pages/fallback-blocking/[slug].js" name="Fallback handler Dynamic Routes fallback blocking route /fallback-blocking/new to page pages/fallback-blocking/[slug].js" time="0.001">
    </testcase>
    <testcase classname="Fallback handler Dynamic Routes fallback data route /_next/data/test-build-id/fallback/new.json to page pages/fallback/[slug].js" name="Fallback handler Dynamic Routes fallback data route /_next/data/test-build-id/fallback/new.json to page pages/fallback/[slug].js" time="0.001">
    </testcase>
    <testcase classname="Fallback handler Dynamic Routes fallback data route /_next/data/test-build-id/fallback-blocking/new.json to page pages/fallback-blocking/[slug].js" name="Fallback handler Dynamic Routes fallback data route /_next/data/test-build-id/fallback-blocking/new.json to page pages/fallback-blocking/[slug].js" time="0">
    </testcase>
    <testcase classname="Fallback handler Returns 404 if /_next/data/test-build-id/fallback/new.json fallback returns notFound: true" name="Fallback handler Returns 404 if /_next/data/test-build-id/fallback/new.json fallback returns notFound: true" time="0.009">
    </testcase>
    <testcase classname="Fallback handler Returns 404 page if /fallback-blocking/404 fallback returns notFound: true" name="Fallback handler Returns 404 page if /fallback-blocking/404 fallback returns notFound: true" time="0.001">
    </testcase>
  </testsuite>
  <testsuite name="Image optimizer" errors="0" failures="0" skipped="1" timestamp="2022-04-08T17:39:07" time="0.855" tests="19">
    <testcase classname="Image optimizer Routes serves image request" name="Image optimizer Routes serves image request" time="0.03">
    </testcase>
    <testcase classname="Image optimizer Routes serves image request" name="Image optimizer Routes serves image request" time="0.009">
    </testcase>
    <testcase classname="Image optimizer Routes serves image request" name="Image optimizer Routes serves image request" time="0.009">
    </testcase>
    <testcase classname="Image optimizer Routes serves image request" name="Image optimizer Routes serves image request" time="0.009">
    </testcase>
    <testcase classname="Image optimizer Routes serves cached image on second request" name="Image optimizer Routes serves cached image on second request" time="0.01">
    </testcase>
    <testcase classname="Image optimizer Routes serves 304 when etag matches" name="Image optimizer Routes serves 304 when etag matches" time="0.009">
    </testcase>
    <testcase classname="Image optimizer Routes serves external image request" name="Image optimizer Routes serves external image request" time="0.027">
    </testcase>
    <testcase classname="Image optimizer Routes return 500 response when object store throws an error" name="Image optimizer Routes return 500 response when object store throws an error" time="0">
      <skipped/>
    </testcase>
    <testcase classname="Image optimizer Routes invalid queries return 400 for path /_next/image?url=%2Ftest-image.png&amp;q=100" name="Image optimizer Routes invalid queries return 400 for path /_next/image?url=%2Ftest-image.png&amp;q=100" time="0.008">
    </testcase>
    <testcase classname="Image optimizer Routes invalid queries return 400 for path /_next/image?url=%2Ftest-image.png&amp;w=64" name="Image optimizer Routes invalid queries return 400 for path /_next/image?url=%2Ftest-image.png&amp;w=64" time="0.006">
    </testcase>
    <testcase classname="Image optimizer Routes invalid queries return 400 for path /_next/image?w=64&amp;q=100" name="Image optimizer Routes invalid queries return 400 for path /_next/image?w=64&amp;q=100" time="0.005">
    </testcase>
    <testcase classname="Image optimizer Routes invalid queries return 400 for path /_next/image?url=%2Ftest-image.png&amp;q=100&amp;w=100" name="Image optimizer Routes invalid queries return 400 for path /_next/image?url=%2Ftest-image.png&amp;q=100&amp;w=100" time="0.005">
    </testcase>
    <testcase classname="Image optimizer Routes invalid queries return 400 for path /_next/image?url=%2Ftest-image.png&amp;q=101&amp;w=64" name="Image optimizer Routes invalid queries return 400 for path /_next/image?url=%2Ftest-image.png&amp;q=101&amp;w=64" time="0.005">
    </testcase>
    <testcase classname="Image optimizer Routes invalid queries return 400 for path /_next/image?url=absoluteUrl&amp;q=101&amp;w=64" name="Image optimizer Routes invalid queries return 400 for path /_next/image?url=absoluteUrl&amp;q=101&amp;w=64" time="0.005">
    </testcase>
    <testcase classname="Image optimizer Routes invalid queries return 400 for path /_next/image?url=ftp%3A%2F%2Fexample.com&amp;q=100&amp;w=64" name="Image optimizer Routes invalid queries return 400 for path /_next/image?url=ftp%3A%2F%2Fexample.com&amp;q=100&amp;w=64" time="0.006">
    </testcase>
    <testcase classname="Image optimizer Routes invalid queries return 400 for path /_next/image?url=https%3A%2F%2Fnotallowed.com%2Fimage.png&amp;q=100&amp;w=64" name="Image optimizer Routes invalid queries return 400 for path /_next/image?url=https%3A%2F%2Fnotallowed.com%2Fimage.png&amp;q=100&amp;w=64" time="0.004">
    </testcase>
    <testcase classname="Image optimizer Routes invalid queries return 400 for path /_next/image?url=%2Ftest-image.png&amp;url=%2Ftest-image2.png&amp;q=100&amp;w=128" name="Image optimizer Routes invalid queries return 400 for path /_next/image?url=%2Ftest-image.png&amp;url=%2Ftest-image2.png&amp;q=100&amp;w=128" time="0.004">
    </testcase>
    <testcase classname="Image optimizer Routes invalid queries return 400 for path /_next/image?url=%2Ftest-image.png&amp;q=100&amp;q=50&amp;w=128" name="Image optimizer Routes invalid queries return 400 for path /_next/image?url=%2Ftest-image.png&amp;q=100&amp;q=50&amp;w=128" time="0.004">
    </testcase>
    <testcase classname="Image optimizer Routes invalid queries return 400 for path /_next/image?url=%2Ftest-image.png&amp;q=100&amp;w=128&amp;w=64" name="Image optimizer Routes invalid queries return 400 for path /_next/image?url=%2Ftest-image.png&amp;q=100&amp;w=128&amp;w=64" time="0.005">
    </testcase>
  </testsuite>
  <testsuite name="Matcher Tests" errors="0" failures="0" skipped="0" timestamp="2022-04-08T17:39:08" time="0.066" tests="13">
    <testcase classname="Matcher Tests matchPath() matches simple path" name="Matcher Tests matchPath() matches simple path" time="0.001">
    </testcase>
    <testcase classname="Matcher Tests matchPath() matches parameterized path" name="Matcher Tests matchPath() matches parameterized path" time="0">
    </testcase>
    <testcase classname="Matcher Tests matchPath() matches wildcards" name="Matcher Tests matchPath() matches wildcards" time="0.001">
    </testcase>
    <testcase classname="Matcher Tests matchPath() matches regex" name="Matcher Tests matchPath() matches regex" time="0">
    </testcase>
    <testcase classname="Matcher Tests matchPath() does not match regex" name="Matcher Tests matchPath() does not match regex" time="0">
    </testcase>
[...]
    </testcase>
    <testcase classname="Custom inputs input=inputPublicDirectoryCache, expected={&quot;expected&quot;: &quot;public, max-age=31536000, must-revalidate&quot;, &quot;publicDirectoryCache&quot;: undefined} sets the public, max-age=31536000, must-revalidate Cache - Control header on undefined " name="Custom inputs input=inputPublicDirectoryCache, expected={&quot;expected&quot;: &quot;public, max-age=31536000, must-revalidate&quot;, &quot;publicDirectoryCache&quot;: undefined} sets the public, max-age=31536000, must-revalidate Cache - Control header on undefined " time="0.341">
    </testcase>
    <testcase classname="Custom inputs input=inputPublicDirectoryCache, expected={&quot;expected&quot;: undefined, &quot;publicDirectoryCache&quot;: false} sets the undefined Cache - Control header on false " name="Custom inputs input=inputPublicDirectoryCache, expected={&quot;expected&quot;: undefined, &quot;publicDirectoryCache&quot;: false} sets the undefined Cache - Control header on false " time="0.379">
    </testcase>
    <testcase classname="Custom inputs input=inputPublicDirectoryCache, expected={&quot;expected&quot;: &quot;public, max-age=306000&quot;, &quot;publicDirectoryCache&quot;: [Object]} sets the public, max-age=306000 Cache - Control header on [object Object] " name="Custom inputs input=inputPublicDirectoryCache, expected={&quot;expected&quot;: &quot;public, max-age=306000&quot;, &quot;publicDirectoryCache&quot;: [Object]} sets the public, max-age=306000 Cache - Control header on [object Object] " time="0.422">
    </testcase>
    <testcase classname="Custom inputs Lambda memory input sets default lambda memory to 512 and api lambda memory to 512 " name="Custom inputs Lambda memory input sets default lambda memory to 512 and api lambda memory to 512 " time="0.422">
    </testcase>
    <testcase classname="Custom inputs Lambda memory input sets default lambda memory to 512 and api lambda memory to 512 " name="Custom inputs Lambda memory input sets default lambda memory to 512 and api lambda memory to 512 " time="0.408">
    </testcase>
    <testcase classname="Custom inputs Lambda memory input sets default lambda memory to 1024 and api lambda memory to 1024 " name="Custom inputs Lambda memory input sets default lambda memory to 1024 and api lambda memory to 1024 " time="0.378">
    </testcase>
    <testcase classname="Custom inputs Lambda memory input sets default lambda memory to 1024 and api lambda memory to 512 " name="Custom inputs Lambda memory input sets default lambda memory to 1024 and api lambda memory to 512 " time="0.424">
    </testcase>
    <testcase classname="Custom inputs Lambda memory input sets default lambda memory to 512 and api lambda memory to 2048 " name="Custom inputs Lambda memory input sets default lambda memory to 512 and api lambda memory to 2048 " time="0.464">
    </testcase>
    <testcase classname="Custom inputs Lambda memory input sets default lambda memory to 128 and api lambda memory to 2048 " name="Custom inputs Lambda memory input sets default lambda memory to 128 and api lambda memory to 2048 " time="0.421">
    </testcase>
    <testcase classname="Custom inputs Lambda tags input sets lambda tags to {&quot;defaultLambda&quot;:{&quot;tag1&quot;:&quot;val1&quot;},&quot;apiLambda&quot;:{&quot;tag2&quot;:&quot;val2&quot;},&quot;imageLambda&quot;:{&quot;tag3&quot;:&quot;val3&quot;}}" name="Custom inputs Lambda tags input sets lambda tags to {&quot;defaultLambda&quot;:{&quot;tag1&quot;:&quot;val1&quot;},&quot;apiLambda&quot;:{&quot;tag2&quot;:&quot;val2&quot;},&quot;imageLambda&quot;:{&quot;tag3&quot;:&quot;val3&quot;}}" time="0.409">
    </testcase>
    <testcase classname="Custom inputs Old lambda function version removal removes old versions of lambda functions" name="Custom inputs Old lambda function version removal removes old versions of lambda functions" time="0.433">
    </testcase>
    <testcase classname="Custom inputs Input timeout options sets default lambda timeout to 10 and api lambda timeout to 10 " name="Custom inputs Input timeout options sets default lambda timeout to 10 and api lambda timeout to 10 " time="0.407">
    </testcase>
    <testcase classname="Custom inputs Input timeout options sets default lambda timeout to 10 and api lambda timeout to 10 " name="Custom inputs Input timeout options sets default lambda timeout to 10 and api lambda timeout to 10 " time="0.378">
    </testcase>
    <testcase classname="Custom inputs Input timeout options sets default lambda timeout to 40 and api lambda timeout to 40 " name="Custom inputs Input timeout options sets default lambda timeout to 40 and api lambda timeout to 40 " time="0.381">
    </testcase>
    <testcase classname="Custom inputs Input timeout options sets default lambda timeout to 20 and api lambda timeout to 10 " name="Custom inputs Input timeout options sets default lambda timeout to 20 and api lambda timeout to 10 " time="0.467">
    </testcase>
    <testcase classname="Custom inputs Input timeout options sets default lambda timeout to 10 and api lambda timeout to 20 " name="Custom inputs Input timeout options sets default lambda timeout to 10 and api lambda timeout to 20 " time="0.421">
    </testcase>
    <testcase classname="Custom inputs Input timeout options sets default lambda timeout to 15 and api lambda timeout to 20 " name="Custom inputs Input timeout options sets default lambda timeout to 15 and api lambda timeout to 20 " time="0.337">
    </testcase>
    <testcase classname="Custom inputs Input runtime options sets default lambda runtime to nodejs14.x and api lambda runtime to nodejs14.x " name="Custom inputs Input runtime options sets default lambda runtime to nodejs14.x and api lambda runtime to nodejs14.x " time="0.393">
    </testcase>
    <testcase classname="Custom inputs Input runtime options sets default lambda runtime to nodejs14.x and api lambda runtime to nodejs14.x " name="Custom inputs Input runtime options sets default lambda runtime to nodejs14.x and api lambda runtime to nodejs14.x " time="0.386">
    </testcase>
    <testcase classname="Custom inputs Input runtime options sets default lambda runtime to nodejs12.x and api lambda runtime to nodejs12.x " name="Custom inputs Input runtime options sets default lambda runtime to nodejs12.x and api lambda runtime to nodejs12.x " time="0.391">
    </testcase>
    <testcase classname="Custom inputs Input runtime options sets default lambda runtime to nodejs12.x and api lambda runtime to nodejs14.x " name="Custom inputs Input runtime options sets default lambda runtime to nodejs12.x and api lambda runtime to nodejs14.x " time="0.38">
    </testcase>
    <testcase classname="Custom inputs Input runtime options sets default lambda runtime to nodejs14.x and api lambda runtime to nodejs12.x " name="Custom inputs Input runtime options sets default lambda runtime to nodejs14.x and api lambda runtime to nodejs12.x " time="0.37">
    </testcase>
    <testcase classname="Custom inputs Input runtime options sets default lambda runtime to nodejs12.x and api lambda runtime to nodejs12.x " name="Custom inputs Input runtime options sets default lambda runtime to nodejs12.x and api lambda runtime to nodejs12.x " time="0.389">
    </testcase>
    <testcase classname="Custom inputs Lambda name input sets default lambda name to undefined and api lambda name to undefined " name="Custom inputs Lambda name input sets default lambda name to undefined and api lambda name to undefined " time="0.39">
    </testcase>
    <testcase classname="Custom inputs Lambda name input sets default lambda name to undefined and api lambda name to undefined " name="Custom inputs Lambda name input sets default lambda name to undefined and api lambda name to undefined " time="0.368">
    </testcase>
    <testcase classname="Custom inputs Lambda name input sets default lambda name to fooFunction and api lambda name to undefined " name="Custom inputs Lambda name input sets default lambda name to fooFunction and api lambda name to undefined " time="0.427">
    </testcase>
    <testcase classname="Custom inputs Lambda name input sets default lambda name to undefined and api lambda name to fooFunction " name="Custom inputs Lambda name input sets default lambda name to undefined and api lambda name to fooFunction " time="0.37">
    </testcase>
    <testcase classname="Custom inputs Lambda name input sets default lambda name to fooFunction and api lambda name to barFunction " name="Custom inputs Lambda name input sets default lambda name to fooFunction and api lambda name to barFunction " time="0.394">
    </testcase>
    <testcase classname="Custom inputs Custom cloudfront inputs Sets cloudfront options if present" name="Custom inputs Custom cloudfront inputs Sets cloudfront options if present" time="0.376">
    </testcase>
    <testcase classname="Custom inputs Custom cloudfront inputs Sets cloudfront options if present" name="Custom inputs Custom cloudfront inputs Sets cloudfront options if present" time="0.385">
    </testcase>
    <testcase classname="Custom inputs Custom cloudfront inputs Sets cloudfront options if present" name="Custom inputs Custom cloudfront inputs Sets cloudfront options if present" time="0.417">
    </testcase>
    <testcase classname="Custom inputs Custom cloudfront inputs Sets cloudfront options if present" name="Custom inputs Custom cloudfront inputs Sets cloudfront options if present" time="0.341">
    </testcase>
    <testcase classname="Custom inputs Custom cloudfront inputs Sets cloudfront options if present" name="Custom inputs Custom cloudfront inputs Sets cloudfront options if present" time="0.372">
    </testcase>
    <testcase classname="Custom inputs Custom cloudfront inputs Sets cloudfront options if present" name="Custom inputs Custom cloudfront inputs Sets cloudfront options if present" time="0.367">
    </testcase>
    <testcase classname="Custom inputs Custom cloudfront inputs Sets cloudfront options if present" name="Custom inputs Custom cloudfront inputs Sets cloudfront options if present" time="0.409">
    </testcase>
    <testcase classname="Custom inputs Custom cloudfront inputs Sets cloudfront options if present" name="Custom inputs Custom cloudfront inputs Sets cloudfront options if present" time="0.414">
    </testcase>
    <testcase classname="Custom inputs Custom cloudfront inputs Sets cloudfront options if present" name="Custom inputs Custom cloudfront inputs Sets cloudfront options if present" time="0.383">
    </testcase>
    <testcase classname="Custom inputs Custom cloudfront inputs Sets cloudfront options if present" name="Custom inputs Custom cloudfront inputs Sets cloudfront options if present" time="0.378">
    </testcase>
    <testcase classname="Custom inputs Custom cloudfront inputs Sets cloudfront options if present" name="Custom inputs Custom cloudfront inputs Sets cloudfront options if present" time="0.361">
    </testcase>
    <testcase classname="Custom inputs API cloudfront inputs allows setting custom cache behavior: {&quot;api&quot;:{&quot;minTTL&quot;:100,&quot;maxTTL&quot;:100,&quot;defaultTTL&quot;:100}}" name="Custom inputs API cloudfront inputs allows setting custom cache behavior: {&quot;api&quot;:{&quot;minTTL&quot;:100,&quot;maxTTL&quot;:100,&quot;defaultTTL&quot;:100}}" time="0.393">
    </testcase>
    <testcase classname="Custom inputs API cloudfront inputs allows setting custom cache behavior: {&quot;api/test&quot;:{&quot;minTTL&quot;:100,&quot;maxTTL&quot;:100,&quot;defaultTTL&quot;:100}}" name="Custom inputs API cloudfront inputs allows setting custom cache behavior: {&quot;api/test&quot;:{&quot;minTTL&quot;:100,&quot;maxTTL&quot;:100,&quot;defaultTTL&quot;:100}}" time="0.393">
    </testcase>
    <testcase classname="Custom inputs API cloudfront inputs allows setting custom cache behavior: {&quot;api/*&quot;:{&quot;minTTL&quot;:100,&quot;maxTTL&quot;:100,&quot;defaultTTL&quot;:100}}" name="Custom inputs API cloudfront inputs allows setting custom cache behavior: {&quot;api/*&quot;:{&quot;minTTL&quot;:100,&quot;maxTTL&quot;:100,&quot;defaultTTL&quot;:100}}" time="0.381">
    </testcase>
    <testcase classname="Custom inputs Build using serverless trace target builds correctly" name="Custom inputs Build using serverless trace target builds correctly" time="0.397">
    </testcase>
    <testcase classname="Custom inputs Skip deployment after build builds but skips deployment" name="Custom inputs Skip deployment after build builds but skips deployment" time="0.373">
    </testcase>
    <testcase classname="Custom inputs Skip deployment after build builds but skips deployment" name="Custom inputs Skip deployment after build builds but skips deployment" time="0.375">
    </testcase>
    <testcase classname="Custom inputs Lambda handler input sets handler to index.handler and api lambda handler to index.handler" name="Custom inputs Lambda handler input sets handler to index.handler and api lambda handler to index.handler" time="0.385">
    </testcase>
    <testcase classname="Custom inputs Lambda handler input sets handler to customHandler.handler and api lambda handler to customHandler.handler" name="Custom inputs Lambda handler input sets handler to customHandler.handler and api lambda handler to customHandler.handler" time="0.378">
    </testcase>
    <testcase classname="Custom inputs Miscellaneous CloudFront inputs sets custom comment" name="Custom inputs Miscellaneous CloudFront inputs sets custom comment" time="0.367">
    </testcase>
    <testcase classname="Custom inputs Miscellaneous CloudFront inputs sets web ACL id for AWS WAF" name="Custom inputs Miscellaneous CloudFront inputs sets web ACL id for AWS WAF" time="0.376">
    </testcase>
    <testcase classname="Custom inputs Miscellaneous CloudFront inputs sets restrictions" name="Custom inputs Miscellaneous CloudFront inputs sets restrictions" time="0.387">
    </testcase>
    <testcase classname="Custom inputs Miscellaneous CloudFront inputs sets certificate with an ACM ARN" name="Custom inputs Miscellaneous CloudFront inputs sets certificate with an ACM ARN" time="0.394">
    </testcase>
    <testcase classname="Custom inputs Miscellaneous CloudFront inputs sets certificate with an IAM certificate" name="Custom inputs Miscellaneous CloudFront inputs sets certificate with an IAM certificate" time="0.402">
    </testcase>
    <testcase classname="Custom inputs Miscellaneous CloudFront inputs sets certificate to default" name="Custom inputs Miscellaneous CloudFront inputs sets certificate to default" time="0.391">
    </testcase>
    <testcase classname="Custom inputs Miscellaneous CloudFront inputs sets invalidation paths" name="Custom inputs Miscellaneous CloudFront inputs sets invalidation paths" time="0.39">
    </testcase>
    <testcase classname="Custom inputs Miscellaneous CloudFront inputs skips invalidation" name="Custom inputs Miscellaneous CloudFront inputs skips invalidation" time="0.37">
    </testcase>
    <testcase classname="Custom inputs SQS inputs sets sqs inputs including name and tags" name="Custom inputs SQS inputs sets sqs inputs including name and tags" time="0.286">
    </testcase>
  </testsuite>
  <testsuite name="deploy tests (without ISR)" errors="0" failures="0" skipped="0" timestamp="2022-04-08T17:40:07" time="8.089" tests="19">
    <testcase classname="deploy tests (without ISR) outputs next application url from cloudfront" name="deploy tests (without ISR) outputs next application url from cloudfront" time="0.402">
    </testcase>
    <testcase classname="deploy tests (without ISR) outputs S3 bucket name" name="deploy tests (without ISR) outputs S3 bucket name" time="0.407">
    </testcase>
    <testcase classname="deploy tests (without ISR) cloudfront provisions default lambda" name="deploy tests (without ISR) cloudfront provisions default lambda" time="0.399">
    </testcase>
    <testcase classname="deploy tests (without ISR) cloudfront provisions api lambda" name="deploy tests (without ISR) cloudfront provisions api lambda" time="0.415">
    </testcase>
    <testcase classname="deploy tests (without ISR) cloudfront provisions image lambda" name="deploy tests (without ISR) cloudfront provisions image lambda" time="0.412">
    </testcase>
    <testcase classname="deploy tests (without ISR) cloudfront creates distribution" name="deploy tests (without ISR) cloudfront creates distribution" time="0.394">
    </testcase>
    <testcase classname="deploy tests (without ISR) cloudfront invalidates distribution cache" name="deploy tests (without ISR) cloudfront invalidates distribution cache" time="0.395">
    </testcase>
    <testcase classname="deploy tests (without ISR) cloudfront does not remove old versions of lambda functions by default" name="deploy tests (without ISR) cloudfront does not remove old versions of lambda functions by default" time="0.455">
    </testcase>
    <testcase classname="deploy tests (without ISR) uploads static assets to S3 correctly" name="deploy tests (without ISR) uploads static assets to S3 correctly" time="0.374">
    </testcase>
    <testcase classname="deploy tests (with ISR) outputs next application url from cloudfront" name="deploy tests (with ISR) outputs next application url from cloudfront" time="0.388">
    </testcase>
    <testcase classname="deploy tests (with ISR) outputs S3 bucket name" name="deploy tests (with ISR) outputs S3 bucket name" time="0.401">
    </testcase>
    <testcase classname="deploy tests (with ISR) cloudfront provisions regeneration lambda" name="deploy tests (with ISR) cloudfront provisions regeneration lambda" time="0.406">
    </testcase>
    <testcase classname="deploy tests (with ISR) cloudfront provisions default lambda" name="deploy tests (with ISR) cloudfront provisions default lambda" time="0.405">
    </testcase>
    <testcase classname="deploy tests (with ISR) cloudfront provisions api lambda" name="deploy tests (with ISR) cloudfront provisions api lambda" time="0.394">
    </testcase>
    <testcase classname="deploy tests (with ISR) cloudfront provisions image lambda" name="deploy tests (with ISR) cloudfront provisions image lambda" time="0.404">
    </testcase>
    <testcase classname="deploy tests (with ISR) cloudfront creates distribution" name="deploy tests (with ISR) cloudfront creates distribution" time="0.431">
    </testcase>
    <testcase classname="deploy tests (with ISR) cloudfront invalidates distribution cache" name="deploy tests (with ISR) cloudfront invalidates distribution cache" time="0.51">
    </testcase>
    <testcase classname="deploy tests (with ISR) cloudfront does not remove old versions of lambda functions by default" name="deploy tests (with ISR) cloudfront does not remove old versions of lambda functions by default" time="0.404">
    </testcase>
    <testcase classname="deploy tests (with ISR) uploads static assets to S3 correctly" name="deploy tests (with ISR) uploads static assets to S3 correctly" time="0.386">
    </testcase>
  </testsuite>
  <testsuite name="Initialize tests" errors="0" failures="0" skipped="0" timestamp="2022-04-08T17:40:15" time="2.779" tests="2">
    <testcase classname="Initialize tests sets stack trace limit" name="Initialize tests sets stack trace limit" time="0">
    </testcase>
    <testcase classname="Initialize tests sets AWS config correctly" name="Initialize tests sets AWS config correctly" time="0">
    </testcase>
  </testsuite>
  <testsuite name="Post-build tests" errors="0" failures="0" skipped="0" timestamp="2022-04-08T17:40:18" time="0.296" tests="2">
    <testcase classname="Post-build tests executes post-build command successfully" name="Post-build tests executes post-build command successfully" time="0.054">
    </testcase>
    <testcase classname="Post-build tests fails to execute post-build command" name="Post-build tests fails to execute post-build command" time="0.047">
    </testcase>
  </testsuite>
</testsuites>